2026-04-30 10:43:53,438  WARNING   (trapped) error reading bcrypt version
Traceback (most recent call last):
  File "C:\Users\alfon\OneDrive\Escritorio\ejercicios-practica-tema-3\DUAL\venv\Lib\site-packages\passlib\handlers\bcrypt.py", line 620, in _load_backend_mixin
    version = _bcrypt.__about__.__version__
              ^^^^^^^^^^^^^^^^^
AttributeError: module 'bcrypt' has no attribute '__about__'
2026-04-30 10:43:53,870  ERROR     Error interno en POST /api/v1/auth/registro
Traceback (most recent call last):
  File "C:\Users\alfon\OneDrive\Escritorio\ejercicios-practica-tema-3\DUAL\venv\Lib\site-packages\starlette\middleware\errors.py", line 164, in __call__
    await self.app(scope, receive, _send)
  File "C:\Users\alfon\OneDrive\Escritorio\ejercicios-practica-tema-3\DUAL\venv\Lib\site-packages\starlette\middleware\cors.py", line 96, in __call__
    await self.simple_response(scope, receive, send, request_headers=headers)
  File "C:\Users\alfon\OneDrive\Escritorio\ejercicios-practica-tema-3\DUAL\venv\Lib\site-packages\starlette\middleware\cors.py", line 154, in simple_response
    await self.app(scope, receive, send)
  File "C:\Users\alfon\OneDrive\Escritorio\ejercicios-practica-tema-3\DUAL\venv\Lib\site-packages\starlette\middleware\exceptions.py", line 63, in __call__
    await wrap_app_handling_exceptions(self.app, conn)(scope, receive, send)
  File "C:\Users\alfon\OneDrive\Escritorio\ejercicios-practica-tema-3\DUAL\venv\Lib\site-packages\starlette\_exception_handler.py", line 53, in wrapped_app
    raise exc
  File "C:\Users\alfon\OneDrive\Escritorio\ejercicios-practica-tema-3\DUAL\venv\Lib\site-packages\starlette\_exception_handler.py", line 42, in wrapped_app
    await app(scope, receive, sender)
  File "C:\Users\alfon\OneDrive\Escritorio\ejercicios-practica-tema-3\DUAL\venv\Lib\site-packages\fastapi\middleware\asyncexitstack.py", line 18, in __call__
    await self.app(scope, receive, send)
  File "C:\Users\alfon\OneDrive\Escritorio\ejercicios-practica-tema-3\DUAL\venv\Lib\site-packages\starlette\routing.py", line 660, in __call__
    await self.middleware_stack(scope, receive, send)
  File "C:\Users\alfon\OneDrive\Escritorio\ejercicios-practica-tema-3\DUAL\venv\Lib\site-packages\starlette\routing.py", line 680, in app
    await route.handle(scope, receive, send)
  File "C:\Users\alfon\OneDrive\Escritorio\ejercicios-practica-tema-3\DUAL\venv\Lib\site-packages\starlette\routing.py", line 276, in handle
    await self.app(scope, receive, send)
  File "C:\Users\alfon\OneDrive\Escritorio\ejercicios-practica-tema-3\DUAL\venv\Lib\site-packages\fastapi\routing.py", line 134, in app
    await wrap_app_handling_exceptions(app, request)(scope, receive, send)
  File "C:\Users\alfon\OneDrive\Escritorio\ejercicios-practica-tema-3\DUAL\venv\Lib\site-packages\starlette\_exception_handler.py", line 53, in wrapped_app
    raise exc
  File "C:\Users\alfon\OneDrive\Escritorio\ejercicios-practica-tema-3\DUAL\venv\Lib\site-packages\starlette\_exception_handler.py", line 42, in wrapped_app
    await app(scope, receive, sender)
  File "C:\Users\alfon\OneDrive\Escritorio\ejercicios-practica-tema-3\DUAL\venv\Lib\site-packages\fastapi\routing.py", line 120, in app
    response = await f(request)
               ^^^^^^^^^^^^^^^^
  File "C:\Users\alfon\OneDrive\Escritorio\ejercicios-practica-tema-3\DUAL\venv\Lib\site-packages\fastapi\routing.py", line 674, in app
    raw_response = await run_endpoint_function(
                   ^^^^^^^^^^^^^^^^^^^^^^^^^^^^
    ...<3 lines>...
    )
    ^
  File "C:\Users\alfon\OneDrive\Escritorio\ejercicios-practica-tema-3\DUAL\venv\Lib\site-packages\fastapi\routing.py", line 330, in run_endpoint_function
    return await run_in_threadpool(dependant.call, **values)
           ^^^^^^^^^^^^^^^^^^^^^^^^^^^^^^^^^^^^^^^^^^^^^^^^^
  File "C:\Users\alfon\OneDrive\Escritorio\ejercicios-practica-tema-3\DUAL\venv\Lib\site-packages\starlette\concurrency.py", line 32, in run_in_threadpool
    return await anyio.to_thread.run_sync(func)
           ^^^^^^^^^^^^^^^^^^^^^^^^^^^^^^^^^^^^
  File "C:\Users\alfon\OneDrive\Escritorio\ejercicios-practica-tema-3\DUAL\venv\Lib\site-packages\anyio\to_thread.py", line 63, in run_sync
    return await get_async_backend().run_sync_in_worker_thread(
           ^^^^^^^^^^^^^^^^^^^^^^^^^^^^^^^^^^^^^^^^^^^^^^^^^^^^
        func, args, abandon_on_cancel=abandon_on_cancel, limiter=limiter
        ^^^^^^^^^^^^^^^^^^^^^^^^^^^^^^^^^^^^^^^^^^^^^^^^^^^^^^^^^^^^^^^^
    )
    ^
  File "C:\Users\alfon\OneDrive\Escritorio\ejercicios-practica-tema-3\DUAL\venv\Lib\site-packages\anyio\_backends\_asyncio.py", line 2518, in run_sync_in_worker_thread
    return await future
           ^^^^^^^^^^^^
  File "C:\Users\alfon\OneDrive\Escritorio\ejercicios-practica-tema-3\DUAL\venv\Lib\site-packages\anyio\_backends\_asyncio.py", line 1002, in run
    result = context.run(func, *args)
  File "C:\Users\alfon\OneDrive\Escritorio\ejercicios-practica-tema-3\DUAL\taskmanager\api\app\routers\auth.py", line 36, in registro
    password = hashear_password(datos.password)
  File "C:\Users\alfon\OneDrive\Escritorio\ejercicios-practica-tema-3\DUAL\taskmanager\api\app\security.py", line 30, in hashear_password
    return pwd_context.hash(password)
           ~~~~~~~~~~~~~~~~^^^^^^^^^^
  File "C:\Users\alfon\OneDrive\Escritorio\ejercicios-practica-tema-3\DUAL\venv\Lib\site-packages\passlib\context.py", line 2258, in hash
    return record.hash(secret, **kwds)
           ~~~~~~~~~~~^^^^^^^^^^^^^^^^
  File "C:\Users\alfon\OneDrive\Escritorio\ejercicios-practica-tema-3\DUAL\venv\Lib\site-packages\passlib\utils\handlers.py", line 779, in hash
    self.checksum = self._calc_checksum(secret)
                    ~~~~~~~~~~~~~~~~~~~^^^^^^^^
  File "C:\Users\alfon\OneDrive\Escritorio\ejercicios-practica-tema-3\DUAL\venv\Lib\site-packages\passlib\handlers\bcrypt.py", line 591, in _calc_checksum
    self._stub_requires_backend()
    ~~~~~~~~~~~~~~~~~~~~~~~~~~~^^
  File "C:\Users\alfon\OneDrive\Escritorio\ejercicios-practica-tema-3\DUAL\venv\Lib\site-packages\passlib\utils\handlers.py", line 2254, in _stub_requires_backend
    cls.set_backend()
    ~~~~~~~~~~~~~~~^^
  File "C:\Users\alfon\OneDrive\Escritorio\ejercicios-practica-tema-3\DUAL\venv\Lib\site-packages\passlib\utils\handlers.py", line 2156, in set_backend
    return owner.set_backend(name, dryrun=dryrun)
           ~~~~~~~~~~~~~~~~~^^^^^^^^^^^^^^^^^^^^^
  File "C:\Users\alfon\OneDrive\Escritorio\ejercicios-practica-tema-3\DUAL\venv\Lib\site-packages\passlib\utils\handlers.py", line 2163, in set_backend
    return cls.set_backend(name, dryrun=dryrun)
           ~~~~~~~~~~~~~~~^^^^^^^^^^^^^^^^^^^^^
  File "C:\Users\alfon\OneDrive\Escritorio\ejercicios-practica-tema-3\DUAL\venv\Lib\site-packages\passlib\utils\handlers.py", line 2188, in set_backend
    cls._set_backend(name, dryrun)
    ~~~~~~~~~~~~~~~~^^^^^^^^^^^^^^
  File "C:\Users\alfon\OneDrive\Escritorio\ejercicios-practica-tema-3\DUAL\venv\Lib\site-packages\passlib\utils\handlers.py", line 2311, in _set_backend
    super(SubclassBackendMixin, cls)._set_backend(name, dryrun)
    ~~~~~~~~~~~~~~~~~~~~~~~~~~~~~~~~~~~~~~~~~~~~~^^^^^^^^^^^^^^
  File "C:\Users\alfon\OneDrive\Escritorio\ejercicios-practica-tema-3\DUAL\venv\Lib\site-packages\passlib\utils\handlers.py", line 2224, in _set_backend
    ok = loader(**kwds)
  File "C:\Users\alfon\OneDrive\Escritorio\ejercicios-practica-tema-3\DUAL\venv\Lib\site-packages\passlib\handlers\bcrypt.py", line 626, in _load_backend_mixin
    return mixin_cls._finalize_backend_mixin(name, dryrun)
           ~~~~~~~~~~~~~~~~~~~~~~~~~~~~~~~~~^^^^^^^^^^^^^^
  File "C:\Users\alfon\OneDrive\Escritorio\ejercicios-practica-tema-3\DUAL\venv\Lib\site-packages\passlib\handlers\bcrypt.py", line 421, in _finalize_backend_mixin
    if detect_wrap_bug(IDENT_2A):
       ~~~~~~~~~~~~~~~^^^^^^^^^^
  File "C:\Users\alfon\OneDrive\Escritorio\ejercicios-practica-tema-3\DUAL\venv\Lib\site-packages\passlib\handlers\bcrypt.py", line 380, in detect_wrap_bug
    if verify(secret, bug_hash):
       ~~~~~~^^^^^^^^^^^^^^^^^^
  File "C:\Users\alfon\OneDrive\Escritorio\ejercicios-practica-tema-3\DUAL\venv\Lib\site-packages\passlib\utils\handlers.py", line 792, in verify
    return consteq(self._calc_checksum(secret), chk)
                   ~~~~~~~~~~~~~~~~~~~^^^^^^^^
  File "C:\Users\alfon\OneDrive\Escritorio\ejercicios-practica-tema-3\DUAL\venv\Lib\site-packages\passlib\handlers\bcrypt.py", line 655, in _calc_checksum
    hash = _bcrypt.hashpw(secret, config)
ValueError: password cannot be longer than 72 bytes, truncate manually if necessary (e.g. my_password[:72])

2026-04-30 11:05:30,936  ERROR     Error interno en POST /api/v1/auth/token
Traceback (most recent call last):
  File "C:\Users\alfon\OneDrive\Escritorio\ejercicios-practica-tema-3\DUAL\venv\Lib\site-packages\starlette\middleware\errors.py", line 164, in __call__
    await self.app(scope, receive, _send)
  File "C:\Users\alfon\OneDrive\Escritorio\ejercicios-practica-tema-3\DUAL\venv\Lib\site-packages\starlette\middleware\cors.py", line 96, in __call__
    await self.simple_response(scope, receive, send, request_headers=headers)
  File "C:\Users\alfon\OneDrive\Escritorio\ejercicios-practica-tema-3\DUAL\venv\Lib\site-packages\starlette\middleware\cors.py", line 154, in simple_response
    await self.app(scope, receive, send)
  File "C:\Users\alfon\OneDrive\Escritorio\ejercicios-practica-tema-3\DUAL\venv\Lib\site-packages\starlette\middleware\exceptions.py", line 63, in __call__
    await wrap_app_handling_exceptions(self.app, conn)(scope, receive, send)
  File "C:\Users\alfon\OneDrive\Escritorio\ejercicios-practica-tema-3\DUAL\venv\Lib\site-packages\starlette\_exception_handler.py", line 53, in wrapped_app
    raise exc
  File "C:\Users\alfon\OneDrive\Escritorio\ejercicios-practica-tema-3\DUAL\venv\Lib\site-packages\starlette\_exception_handler.py", line 42, in wrapped_app
    await app(scope, receive, sender)
  File "C:\Users\alfon\OneDrive\Escritorio\ejercicios-practica-tema-3\DUAL\venv\Lib\site-packages\fastapi\middleware\asyncexitstack.py", line 18, in __call__
    await self.app(scope, receive, send)
  File "C:\Users\alfon\OneDrive\Escritorio\ejercicios-practica-tema-3\DUAL\venv\Lib\site-packages\starlette\routing.py", line 660, in __call__
    await self.middleware_stack(scope, receive, send)
  File "C:\Users\alfon\OneDrive\Escritorio\ejercicios-practica-tema-3\DUAL\venv\Lib\site-packages\starlette\routing.py", line 680, in app
    await route.handle(scope, receive, send)
  File "C:\Users\alfon\OneDrive\Escritorio\ejercicios-practica-tema-3\DUAL\venv\Lib\site-packages\starlette\routing.py", line 276, in handle
    await self.app(scope, receive, send)
  File "C:\Users\alfon\OneDrive\Escritorio\ejercicios-practica-tema-3\DUAL\venv\Lib\site-packages\fastapi\routing.py", line 134, in app
    await wrap_app_handling_exceptions(app, request)(scope, receive, send)
  File "C:\Users\alfon\OneDrive\Escritorio\ejercicios-practica-tema-3\DUAL\venv\Lib\site-packages\starlette\_exception_handler.py", line 53, in wrapped_app
    raise exc
  File "C:\Users\alfon\OneDrive\Escritorio\ejercicios-practica-tema-3\DUAL\venv\Lib\site-packages\starlette\_exception_handler.py", line 42, in wrapped_app
    await app(scope, receive, sender)
  File "C:\Users\alfon\OneDrive\Escritorio\ejercicios-practica-tema-3\DUAL\venv\Lib\site-packages\fastapi\routing.py", line 120, in app
    response = await f(request)
               ^^^^^^^^^^^^^^^^
  File "C:\Users\alfon\OneDrive\Escritorio\ejercicios-practica-tema-3\DUAL\venv\Lib\site-packages\fastapi\routing.py", line 674, in app
    raw_response = await run_endpoint_function(
                   ^^^^^^^^^^^^^^^^^^^^^^^^^^^^
    ...<3 lines>...
    )
    ^
  File "C:\Users\alfon\OneDrive\Escritorio\ejercicios-practica-tema-3\DUAL\venv\Lib\site-packages\fastapi\routing.py", line 330, in run_endpoint_function
    return await run_in_threadpool(dependant.call, **values)
           ^^^^^^^^^^^^^^^^^^^^^^^^^^^^^^^^^^^^^^^^^^^^^^^^^
  File "C:\Users\alfon\OneDrive\Escritorio\ejercicios-practica-tema-3\DUAL\venv\Lib\site-packages\starlette\concurrency.py", line 32, in run_in_threadpool
    return await anyio.to_thread.run_sync(func)
           ^^^^^^^^^^^^^^^^^^^^^^^^^^^^^^^^^^^^
  File "C:\Users\alfon\OneDrive\Escritorio\ejercicios-practica-tema-3\DUAL\venv\Lib\site-packages\anyio\to_thread.py", line 63, in run_sync
    return await get_async_backend().run_sync_in_worker_thread(
           ^^^^^^^^^^^^^^^^^^^^^^^^^^^^^^^^^^^^^^^^^^^^^^^^^^^^
        func, args, abandon_on_cancel=abandon_on_cancel, limiter=limiter
        ^^^^^^^^^^^^^^^^^^^^^^^^^^^^^^^^^^^^^^^^^^^^^^^^^^^^^^^^^^^^^^^^
    )
    ^
  File "C:\Users\alfon\OneDrive\Escritorio\ejercicios-practica-tema-3\DUAL\venv\Lib\site-packages\anyio\_backends\_asyncio.py", line 2518, in run_sync_in_worker_thread
    return await future
           ^^^^^^^^^^^^
  File "C:\Users\alfon\OneDrive\Escritorio\ejercicios-practica-tema-3\DUAL\venv\Lib\site-packages\anyio\_backends\_asyncio.py", line 1002, in run
    result = context.run(func, *args)
  File "C:\Users\alfon\OneDrive\Escritorio\ejercicios-practica-tema-3\DUAL\taskmanager\api\app\routers\auth.py", line 59, in login
    if not usuario or not verificar_password(form.password, usuario.password):
                          ~~~~~~~~~~~~~~~~~~^^^^^^^^^^^^^^^^^^^^^^^^^^^^^^^^^
  File "C:\Users\alfon\OneDrive\Escritorio\ejercicios-practica-tema-3\DUAL\taskmanager\api\app\security.py", line 34, in verificar_password
    return pwd_context.verify(password_plano, password_hash)
           ~~~~~~~~~~~~~~~~~~^^^^^^^^^^^^^^^^^^^^^^^^^^^^^^^
  File "C:\Users\alfon\OneDrive\Escritorio\ejercicios-practica-tema-3\DUAL\venv\Lib\site-packages\passlib\context.py", line 2343, in verify
    record = self._get_or_identify_record(hash, scheme, category)
  File "C:\Users\alfon\OneDrive\Escritorio\ejercicios-practica-tema-3\DUAL\venv\Lib\site-packages\passlib\context.py", line 2031, in _get_or_identify_record
    return self._identify_record(hash, category)
           ~~~~~~~~~~~~~~~~~~~~~^^^^^^^^^^^^^^^^
  File "C:\Users\alfon\OneDrive\Escritorio\ejercicios-practica-tema-3\DUAL\venv\Lib\site-packages\passlib\context.py", line 1132, in identify_record
    raise exc.UnknownHashError("hash could not be identified")
passlib.exc.UnknownHashError: hash could not be identified

2026-04-30 11:06:01,856  ERROR     Error interno en POST /api/v1/auth/token
Traceback (most recent call last):
  File "C:\Users\alfon\OneDrive\Escritorio\ejercicios-practica-tema-3\DUAL\venv\Lib\site-packages\starlette\middleware\errors.py", line 164, in __call__
    await self.app(scope, receive, _send)
  File "C:\Users\alfon\OneDrive\Escritorio\ejercicios-practica-tema-3\DUAL\venv\Lib\site-packages\starlette\middleware\cors.py", line 96, in __call__
    await self.simple_response(scope, receive, send, request_headers=headers)
  File "C:\Users\alfon\OneDrive\Escritorio\ejercicios-practica-tema-3\DUAL\venv\Lib\site-packages\starlette\middleware\cors.py", line 154, in simple_response
    await self.app(scope, receive, send)
  File "C:\Users\alfon\OneDrive\Escritorio\ejercicios-practica-tema-3\DUAL\venv\Lib\site-packages\starlette\middleware\exceptions.py", line 63, in __call__
    await wrap_app_handling_exceptions(self.app, conn)(scope, receive, send)
  File "C:\Users\alfon\OneDrive\Escritorio\ejercicios-practica-tema-3\DUAL\venv\Lib\site-packages\starlette\_exception_handler.py", line 53, in wrapped_app
    raise exc
  File "C:\Users\alfon\OneDrive\Escritorio\ejercicios-practica-tema-3\DUAL\venv\Lib\site-packages\starlette\_exception_handler.py", line 42, in wrapped_app
    await app(scope, receive, sender)
  File "C:\Users\alfon\OneDrive\Escritorio\ejercicios-practica-tema-3\DUAL\venv\Lib\site-packages\fastapi\middleware\asyncexitstack.py", line 18, in __call__
    await self.app(scope, receive, send)
  File "C:\Users\alfon\OneDrive\Escritorio\ejercicios-practica-tema-3\DUAL\venv\Lib\site-packages\starlette\routing.py", line 660, in __call__
    await self.middleware_stack(scope, receive, send)
  File "C:\Users\alfon\OneDrive\Escritorio\ejercicios-practica-tema-3\DUAL\venv\Lib\site-packages\starlette\routing.py", line 680, in app
    await route.handle(scope, receive, send)
  File "C:\Users\alfon\OneDrive\Escritorio\ejercicios-practica-tema-3\DUAL\venv\Lib\site-packages\starlette\routing.py", line 276, in handle
    await self.app(scope, receive, send)
  File "C:\Users\alfon\OneDrive\Escritorio\ejercicios-practica-tema-3\DUAL\venv\Lib\site-packages\fastapi\routing.py", line 134, in app
    await wrap_app_handling_exceptions(app, request)(scope, receive, send)
  File "C:\Users\alfon\OneDrive\Escritorio\ejercicios-practica-tema-3\DUAL\venv\Lib\site-packages\starlette\_exception_handler.py", line 53, in wrapped_app
    raise exc
  File "C:\Users\alfon\OneDrive\Escritorio\ejercicios-practica-tema-3\DUAL\venv\Lib\site-packages\starlette\_exception_handler.py", line 42, in wrapped_app
    await app(scope, receive, sender)
  File "C:\Users\alfon\OneDrive\Escritorio\ejercicios-practica-tema-3\DUAL\venv\Lib\site-packages\fastapi\routing.py", line 120, in app
    response = await f(request)
               ^^^^^^^^^^^^^^^^
  File "C:\Users\alfon\OneDrive\Escritorio\ejercicios-practica-tema-3\DUAL\venv\Lib\site-packages\fastapi\routing.py", line 674, in app
    raw_response = await run_endpoint_function(
                   ^^^^^^^^^^^^^^^^^^^^^^^^^^^^
    ...<3 lines>...
    )
    ^
  File "C:\Users\alfon\OneDrive\Escritorio\ejercicios-practica-tema-3\DUAL\venv\Lib\site-packages\fastapi\routing.py", line 330, in run_endpoint_function
    return await run_in_threadpool(dependant.call, **values)
           ^^^^^^^^^^^^^^^^^^^^^^^^^^^^^^^^^^^^^^^^^^^^^^^^^
  File "C:\Users\alfon\OneDrive\Escritorio\ejercicios-practica-tema-3\DUAL\venv\Lib\site-packages\starlette\concurrency.py", line 32, in run_in_threadpool
    return await anyio.to_thread.run_sync(func)
           ^^^^^^^^^^^^^^^^^^^^^^^^^^^^^^^^^^^^
  File "C:\Users\alfon\OneDrive\Escritorio\ejercicios-practica-tema-3\DUAL\venv\Lib\site-packages\anyio\to_thread.py", line 63, in run_sync
    return await get_async_backend().run_sync_in_worker_thread(
           ^^^^^^^^^^^^^^^^^^^^^^^^^^^^^^^^^^^^^^^^^^^^^^^^^^^^
        func, args, abandon_on_cancel=abandon_on_cancel, limiter=limiter
        ^^^^^^^^^^^^^^^^^^^^^^^^^^^^^^^^^^^^^^^^^^^^^^^^^^^^^^^^^^^^^^^^
    )
    ^
  File "C:\Users\alfon\OneDrive\Escritorio\ejercicios-practica-tema-3\DUAL\venv\Lib\site-packages\anyio\_backends\_asyncio.py", line 2518, in run_sync_in_worker_thread
    return await future
           ^^^^^^^^^^^^
  File "C:\Users\alfon\OneDrive\Escritorio\ejercicios-practica-tema-3\DUAL\venv\Lib\site-packages\anyio\_backends\_asyncio.py", line 1002, in run
    result = context.run(func, *args)
  File "C:\Users\alfon\OneDrive\Escritorio\ejercicios-practica-tema-3\DUAL\taskmanager\api\app\routers\auth.py", line 59, in login
    if not usuario or not verificar_password(form.password, usuario.password):
                          ~~~~~~~~~~~~~~~~~~^^^^^^^^^^^^^^^^^^^^^^^^^^^^^^^^^
  File "C:\Users\alfon\OneDrive\Escritorio\ejercicios-practica-tema-3\DUAL\taskmanager\api\app\security.py", line 34, in verificar_password
    return pwd_context.verify(password_plano, password_hash)
           ~~~~~~~~~~~~~~~~~~^^^^^^^^^^^^^^^^^^^^^^^^^^^^^^^
  File "C:\Users\alfon\OneDrive\Escritorio\ejercicios-practica-tema-3\DUAL\venv\Lib\site-packages\passlib\context.py", line 2343, in verify
    record = self._get_or_identify_record(hash, scheme, category)
  File "C:\Users\alfon\OneDrive\Escritorio\ejercicios-practica-tema-3\DUAL\venv\Lib\site-packages\passlib\context.py", line 2031, in _get_or_identify_record
    return self._identify_record(hash, category)
           ~~~~~~~~~~~~~~~~~~~~~^^^^^^^^^^^^^^^^
  File "C:\Users\alfon\OneDrive\Escritorio\ejercicios-practica-tema-3\DUAL\venv\Lib\site-packages\passlib\context.py", line 1132, in identify_record
    raise exc.UnknownHashError("hash could not be identified")
passlib.exc.UnknownHashError: hash could not be identified

2026-04-30 11:10:29,958  ERROR     Error interno en DELETE /api/v1/proyectos/2
Traceback (most recent call last):
  File "C:\Users\alfon\OneDrive\Escritorio\ejercicios-practica-tema-3\DUAL\venv\Lib\site-packages\starlette\middleware\errors.py", line 164, in __call__
    await self.app(scope, receive, _send)
  File "C:\Users\alfon\OneDrive\Escritorio\ejercicios-practica-tema-3\DUAL\venv\Lib\site-packages\starlette\middleware\cors.py", line 96, in __call__
    await self.simple_response(scope, receive, send, request_headers=headers)
  File "C:\Users\alfon\OneDrive\Escritorio\ejercicios-practica-tema-3\DUAL\venv\Lib\site-packages\starlette\middleware\cors.py", line 154, in simple_response
    await self.app(scope, receive, send)
  File "C:\Users\alfon\OneDrive\Escritorio\ejercicios-practica-tema-3\DUAL\venv\Lib\site-packages\starlette\middleware\exceptions.py", line 63, in __call__
    await wrap_app_handling_exceptions(self.app, conn)(scope, receive, send)
  File "C:\Users\alfon\OneDrive\Escritorio\ejercicios-practica-tema-3\DUAL\venv\Lib\site-packages\starlette\_exception_handler.py", line 53, in wrapped_app
    raise exc
  File "C:\Users\alfon\OneDrive\Escritorio\ejercicios-practica-tema-3\DUAL\venv\Lib\site-packages\starlette\_exception_handler.py", line 42, in wrapped_app
    await app(scope, receive, sender)
  File "C:\Users\alfon\OneDrive\Escritorio\ejercicios-practica-tema-3\DUAL\venv\Lib\site-packages\fastapi\middleware\asyncexitstack.py", line 18, in __call__
    await self.app(scope, receive, send)
  File "C:\Users\alfon\OneDrive\Escritorio\ejercicios-practica-tema-3\DUAL\venv\Lib\site-packages\starlette\routing.py", line 660, in __call__
    await self.middleware_stack(scope, receive, send)
  File "C:\Users\alfon\OneDrive\Escritorio\ejercicios-practica-tema-3\DUAL\venv\Lib\site-packages\starlette\routing.py", line 680, in app
    await route.handle(scope, receive, send)
  File "C:\Users\alfon\OneDrive\Escritorio\ejercicios-practica-tema-3\DUAL\venv\Lib\site-packages\starlette\routing.py", line 276, in handle
    await self.app(scope, receive, send)
  File "C:\Users\alfon\OneDrive\Escritorio\ejercicios-practica-tema-3\DUAL\venv\Lib\site-packages\fastapi\routing.py", line 134, in app
    await wrap_app_handling_exceptions(app, request)(scope, receive, send)
  File "C:\Users\alfon\OneDrive\Escritorio\ejercicios-practica-tema-3\DUAL\venv\Lib\site-packages\starlette\_exception_handler.py", line 53, in wrapped_app
    raise exc
  File "C:\Users\alfon\OneDrive\Escritorio\ejercicios-practica-tema-3\DUAL\venv\Lib\site-packages\starlette\_exception_handler.py", line 42, in wrapped_app
    await app(scope, receive, sender)
  File "C:\Users\alfon\OneDrive\Escritorio\ejercicios-practica-tema-3\DUAL\venv\Lib\site-packages\fastapi\routing.py", line 120, in app
    response = await f(request)
               ^^^^^^^^^^^^^^^^
  File "C:\Users\alfon\OneDrive\Escritorio\ejercicios-practica-tema-3\DUAL\venv\Lib\site-packages\fastapi\routing.py", line 674, in app
    raw_response = await run_endpoint_function(
                   ^^^^^^^^^^^^^^^^^^^^^^^^^^^^
    ...<3 lines>...
    )
    ^
  File "C:\Users\alfon\OneDrive\Escritorio\ejercicios-practica-tema-3\DUAL\venv\Lib\site-packages\fastapi\routing.py", line 330, in run_endpoint_function
    return await run_in_threadpool(dependant.call, **values)
           ^^^^^^^^^^^^^^^^^^^^^^^^^^^^^^^^^^^^^^^^^^^^^^^^^
  File "C:\Users\alfon\OneDrive\Escritorio\ejercicios-practica-tema-3\DUAL\venv\Lib\site-packages\starlette\concurrency.py", line 32, in run_in_threadpool
    return await anyio.to_thread.run_sync(func)
           ^^^^^^^^^^^^^^^^^^^^^^^^^^^^^^^^^^^^
  File "C:\Users\alfon\OneDrive\Escritorio\ejercicios-practica-tema-3\DUAL\venv\Lib\site-packages\anyio\to_thread.py", line 63, in run_sync
    return await get_async_backend().run_sync_in_worker_thread(
           ^^^^^^^^^^^^^^^^^^^^^^^^^^^^^^^^^^^^^^^^^^^^^^^^^^^^
        func, args, abandon_on_cancel=abandon_on_cancel, limiter=limiter
        ^^^^^^^^^^^^^^^^^^^^^^^^^^^^^^^^^^^^^^^^^^^^^^^^^^^^^^^^^^^^^^^^
    )
    ^
  File "C:\Users\alfon\OneDrive\Escritorio\ejercicios-practica-tema-3\DUAL\venv\Lib\site-packages\anyio\_backends\_asyncio.py", line 2518, in run_sync_in_worker_thread
    return await future
           ^^^^^^^^^^^^
  File "C:\Users\alfon\OneDrive\Escritorio\ejercicios-practica-tema-3\DUAL\venv\Lib\site-packages\anyio\_backends\_asyncio.py", line 1002, in run
    result = context.run(func, *args)
  File "C:\Users\alfon\OneDrive\Escritorio\ejercicios-practica-tema-3\DUAL\taskmanager\api\app\routers\projects.py", line 152, in eliminar
    if proyecto.propietario_id != usuario.id and not usuario.es_admin:
                                                     ^^^^^^^^^^^^^^^^
AttributeError: 'Usuario' object has no attribute 'es_admin'

2026-04-30 11:16:40,468  ERROR     Error interno en POST /api/v1/auth/token
Traceback (most recent call last):
  File "C:\Users\alfon\OneDrive\Escritorio\ejercicios-practica-tema-3\DUAL\venv\Lib\site-packages\starlette\middleware\errors.py", line 164, in __call__
    await self.app(scope, receive, _send)
  File "C:\Users\alfon\OneDrive\Escritorio\ejercicios-practica-tema-3\DUAL\venv\Lib\site-packages\starlette\middleware\cors.py", line 96, in __call__
    await self.simple_response(scope, receive, send, request_headers=headers)
  File "C:\Users\alfon\OneDrive\Escritorio\ejercicios-practica-tema-3\DUAL\venv\Lib\site-packages\starlette\middleware\cors.py", line 154, in simple_response
    await self.app(scope, receive, send)
  File "C:\Users\alfon\OneDrive\Escritorio\ejercicios-practica-tema-3\DUAL\venv\Lib\site-packages\starlette\middleware\exceptions.py", line 63, in __call__
    await wrap_app_handling_exceptions(self.app, conn)(scope, receive, send)
  File "C:\Users\alfon\OneDrive\Escritorio\ejercicios-practica-tema-3\DUAL\venv\Lib\site-packages\starlette\_exception_handler.py", line 53, in wrapped_app
    raise exc
  File "C:\Users\alfon\OneDrive\Escritorio\ejercicios-practica-tema-3\DUAL\venv\Lib\site-packages\starlette\_exception_handler.py", line 42, in wrapped_app
    await app(scope, receive, sender)
  File "C:\Users\alfon\OneDrive\Escritorio\ejercicios-practica-tema-3\DUAL\venv\Lib\site-packages\fastapi\middleware\asyncexitstack.py", line 18, in __call__
    await self.app(scope, receive, send)
  File "C:\Users\alfon\OneDrive\Escritorio\ejercicios-practica-tema-3\DUAL\venv\Lib\site-packages\starlette\routing.py", line 660, in __call__
    await self.middleware_stack(scope, receive, send)
  File "C:\Users\alfon\OneDrive\Escritorio\ejercicios-practica-tema-3\DUAL\venv\Lib\site-packages\starlette\routing.py", line 680, in app
    await route.handle(scope, receive, send)
  File "C:\Users\alfon\OneDrive\Escritorio\ejercicios-practica-tema-3\DUAL\venv\Lib\site-packages\starlette\routing.py", line 276, in handle
    await self.app(scope, receive, send)
  File "C:\Users\alfon\OneDrive\Escritorio\ejercicios-practica-tema-3\DUAL\venv\Lib\site-packages\fastapi\routing.py", line 134, in app
    await wrap_app_handling_exceptions(app, request)(scope, receive, send)
  File "C:\Users\alfon\OneDrive\Escritorio\ejercicios-practica-tema-3\DUAL\venv\Lib\site-packages\starlette\_exception_handler.py", line 53, in wrapped_app
    raise exc
  File "C:\Users\alfon\OneDrive\Escritorio\ejercicios-practica-tema-3\DUAL\venv\Lib\site-packages\starlette\_exception_handler.py", line 42, in wrapped_app
    await app(scope, receive, sender)
  File "C:\Users\alfon\OneDrive\Escritorio\ejercicios-practica-tema-3\DUAL\venv\Lib\site-packages\fastapi\routing.py", line 120, in app
    response = await f(request)
               ^^^^^^^^^^^^^^^^
  File "C:\Users\alfon\OneDrive\Escritorio\ejercicios-practica-tema-3\DUAL\venv\Lib\site-packages\fastapi\routing.py", line 674, in app
    raw_response = await run_endpoint_function(
                   ^^^^^^^^^^^^^^^^^^^^^^^^^^^^
    ...<3 lines>...
    )
    ^
  File "C:\Users\alfon\OneDrive\Escritorio\ejercicios-practica-tema-3\DUAL\venv\Lib\site-packages\fastapi\routing.py", line 330, in run_endpoint_function
    return await run_in_threadpool(dependant.call, **values)
           ^^^^^^^^^^^^^^^^^^^^^^^^^^^^^^^^^^^^^^^^^^^^^^^^^
  File "C:\Users\alfon\OneDrive\Escritorio\ejercicios-practica-tema-3\DUAL\venv\Lib\site-packages\starlette\concurrency.py", line 32, in run_in_threadpool
    return await anyio.to_thread.run_sync(func)
           ^^^^^^^^^^^^^^^^^^^^^^^^^^^^^^^^^^^^
  File "C:\Users\alfon\OneDrive\Escritorio\ejercicios-practica-tema-3\DUAL\venv\Lib\site-packages\anyio\to_thread.py", line 63, in run_sync
    return await get_async_backend().run_sync_in_worker_thread(
           ^^^^^^^^^^^^^^^^^^^^^^^^^^^^^^^^^^^^^^^^^^^^^^^^^^^^
        func, args, abandon_on_cancel=abandon_on_cancel, limiter=limiter
        ^^^^^^^^^^^^^^^^^^^^^^^^^^^^^^^^^^^^^^^^^^^^^^^^^^^^^^^^^^^^^^^^
    )
    ^
  File "C:\Users\alfon\OneDrive\Escritorio\ejercicios-practica-tema-3\DUAL\venv\Lib\site-packages\anyio\_backends\_asyncio.py", line 2518, in run_sync_in_worker_thread
    return await future
           ^^^^^^^^^^^^
  File "C:\Users\alfon\OneDrive\Escritorio\ejercicios-practica-tema-3\DUAL\venv\Lib\site-packages\anyio\_backends\_asyncio.py", line 1002, in run
    result = context.run(func, *args)
  File "C:\Users\alfon\OneDrive\Escritorio\ejercicios-practica-tema-3\DUAL\taskmanager\api\app\routers\auth.py", line 59, in login
    if not usuario or not verificar_password(form.password, usuario.password):
                          ~~~~~~~~~~~~~~~~~~^^^^^^^^^^^^^^^^^^^^^^^^^^^^^^^^^
  File "C:\Users\alfon\OneDrive\Escritorio\ejercicios-practica-tema-3\DUAL\taskmanager\api\app\security.py", line 34, in verificar_password
    return pwd_context.verify(password_plano, password_hash)
           ~~~~~~~~~~~~~~~~~~^^^^^^^^^^^^^^^^^^^^^^^^^^^^^^^
  File "C:\Users\alfon\OneDrive\Escritorio\ejercicios-practica-tema-3\DUAL\venv\Lib\site-packages\passlib\context.py", line 2343, in verify
    record = self._get_or_identify_record(hash, scheme, category)
  File "C:\Users\alfon\OneDrive\Escritorio\ejercicios-practica-tema-3\DUAL\venv\Lib\site-packages\passlib\context.py", line 2031, in _get_or_identify_record
    return self._identify_record(hash, category)
           ~~~~~~~~~~~~~~~~~~~~~^^^^^^^^^^^^^^^^
  File "C:\Users\alfon\OneDrive\Escritorio\ejercicios-practica-tema-3\DUAL\venv\Lib\site-packages\passlib\context.py", line 1132, in identify_record
    raise exc.UnknownHashError("hash could not be identified")
passlib.exc.UnknownHashError: hash could not be identified

